# JRE version: OpenJDK Runtime Environment (11.0.10) (build 11.0.10+0-b96-7249189)
# Java VM: OpenJDK 64-Bit Server VM (11.0.10+0-b96-7249189, mixed mode, tiered, compressed oops, g1 gc, windows-amd64)
Heap:
 garbage-first heap   total 262144K, used 183295K [0x00000000e0000000, 0x0000000100000000)
  region size 1024K, 81 young (82944K), 9 survivors (9216K)
 Metaspace       used 101551K, capacity 104407K, committed 104652K, reserved 346112K
  class space    used 13070K, capacity 14176K, committed 14284K, reserved 253952K
GC Heap History (20 events):
Event: 52.168 GC heap before
{Heap before GC invocations=20 (full 0):
 garbage-first heap   total 262144K, used 202134K [0x00000000e0000000, 0x0000000100000000)
  region size 1024K, 115 young (117760K), 14 survivors (14336K)
 Metaspace       used 99887K, capacity 102639K, committed 102860K, reserved 344064K
  class space    used 12905K, capacity 13965K, committed 14028K, reserved 253952K
}
Event: 52.194 GC heap after
{Heap after GC invocations=21 (full 0):
 garbage-first heap   total 262144K, used 100313K [0x00000000e0000000, 0x0000000100000000)
  region size 1024K, 2 young (2048K), 2 survivors (2048K)
 Metaspace       used 99887K, capacity 102639K, committed 102860K, reserved 344064K
  class space    used 12905K, capacity 13965K, committed 14028K, reserved 253952K
}
Event: 53.546 GC heap before
{Heap before GC invocations=21 (full 0):
 garbage-first heap   total 262144K, used 207833K [0x00000000e0000000, 0x0000000100000000)
  region size 1024K, 107 young (109568K), 2 survivors (2048K)
 Metaspace       used 100094K, capacity 102837K, committed 103116K, reserved 344064K
  class space    used 12905K, capacity 13965K, committed 14028K, reserved 253952K
}
Event: 53.556 GC heap after
{Heap after GC invocations=22 (full 0):
 garbage-first heap   total 262144K, used 100514K [0x00000000e0000000, 0x0000000100000000)
  region size 1024K, 3 young (3072K), 3 survivors (3072K)
 Metaspace       used 100094K, capacity 102837K, committed 103116K, reserved 344064K
  class space    used 12905K, capacity 13965K, committed 14028K, reserved 253952K
}
Event: 54.719 GC heap before
{Heap before GC invocations=22 (full 0):
 garbage-first heap   total 262144K, used 211106K [0x00000000e0000000, 0x0000000100000000)
  region size 1024K, 111 young (113664K), 3 survivors (3072K)
 Metaspace       used 100254K, capacity 103006K, committed 103116K, reserved 344064K
  class space    used 12930K, capacity 13997K, committed 14028K, reserved 253952K
}
Event: 54.732 GC heap after
{Heap after GC invocations=23 (full 0):
 garbage-first heap   total 262144K, used 101699K [0x00000000e0000000, 0x0000000100000000)
  region size 1024K, 4 young (4096K), 4 survivors (4096K)
 Metaspace       used 100254K, capacity 103006K, committed 103116K, reserved 344064K
  class space    used 12930K, capacity 13997K, committed 14028K, reserved 253952K
}
Event: 56.158 GC heap before
{Heap before GC invocations=23 (full 0):
 garbage-first heap   total 262144K, used 214339K [0x00000000e0000000, 0x0000000100000000)
  region size 1024K, 114 young (116736K), 4 survivors (4096K)
 Metaspace       used 100292K, capacity 103075K, committed 103116K, reserved 344064K
  class space    used 12930K, capacity 13998K, committed 14028K, reserved 253952K
}
Event: 56.177 GC heap after
{Heap after GC invocations=24 (full 0):
 garbage-first heap   total 262144K, used 102788K [0x00000000e0000000, 0x0000000100000000)
  region size 1024K, 5 young (5120K), 5 survivors (5120K)
 Metaspace       used 100292K, capacity 103075K, committed 103116K, reserved 344064K
  class space    used 12930K, capacity 13998K, committed 14028K, reserved 253952K
}
Event: 57.289 GC heap before
{Heap before GC invocations=24 (full 0):
 garbage-first heap   total 262144K, used 217476K [0x00000000e0000000, 0x0000000100000000)
  region size 1024K, 117 young (119808K), 5 survivors (5120K)
 Metaspace       used 100313K, capacity 103076K, committed 103116K, reserved 344064K
  class space    used 12930K, capacity 13998K, committed 14028K, reserved 253952K
}
Event: 57.302 GC heap after
{Heap after GC invocations=25 (full 0):
 garbage-first heap   total 262144K, used 104169K [0x00000000e0000000, 0x0000000100000000)
  region size 1024K, 6 young (6144K), 6 survivors (6144K)
 Metaspace       used 100313K, capacity 103076K, committed 103116K, reserved 344064K
  class space    used 12930K, capacity 13998K, committed 14028K, reserved 253952K
}
Event: 58.171 GC heap before
{Heap before GC invocations=25 (full 0):
 garbage-first heap   total 262144K, used 219881K [0x00000000e0000000, 0x0000000100000000)
  region size 1024K, 119 young (121856K), 6 survivors (6144K)
 Metaspace       used 100344K, capacity 103077K, committed 103116K, reserved 344064K
  class space    used 12930K, capacity 13998K, committed 14028K, reserved 253952K
}
Event: 58.187 GC heap after
{Heap after GC invocations=26 (full 0):
 garbage-first heap   total 262144K, used 106203K [0x00000000e0000000, 0x0000000100000000)
  region size 1024K, 8 young (8192K), 8 survivors (8192K)
 Metaspace       used 100344K, capacity 103077K, committed 103116K, reserved 344064K
  class space    used 12930K, capacity 13998K, committed 14028K, reserved 253952K
}
Event: 59.159 GC heap before
{Heap before GC invocations=26 (full 0):
 garbage-first heap   total 262144K, used 221915K [0x00000000e0000000, 0x0000000100000000)
  region size 1024K, 121 young (123904K), 8 survivors (8192K)
 Metaspace       used 100371K, capacity 103142K, committed 103372K, reserved 344064K
  class space    used 12930K, capacity 13998K, committed 14028K, reserved 253952K
}
Event: 59.188 GC heap after
{Heap after GC invocations=27 (full 0):
 garbage-first heap   total 262144K, used 107144K [0x00000000e0000000, 0x0000000100000000)
  region size 1024K, 9 young (9216K), 9 survivors (9216K)
 Metaspace       used 100371K, capacity 103142K, committed 103372K, reserved 344064K
  class space    used 12930K, capacity 13998K, committed 14028K, reserved 253952K
}
Event: 60.335 GC heap before
{Heap before GC invocations=27 (full 0):
 garbage-first heap   total 262144K, used 222856K [0x00000000e0000000, 0x0000000100000000)
  region size 1024K, 122 young (124928K), 9 survivors (9216K)
 Metaspace       used 100383K, capacity 103145K, committed 103372K, reserved 344064K
  class space    used 12931K, capacity 13999K, committed 14028K, reserved 253952K
}
Event: 60.356 GC heap after
{Heap after GC invocations=28 (full 0):
 garbage-first heap   total 262144K, used 108257K [0x00000000e0000000, 0x0000000100000000)
  region size 1024K, 10 young (10240K), 10 survivors (10240K)
 Metaspace       used 100383K, capacity 103145K, committed 103372K, reserved 344064K
  class space    used 12931K, capacity 13999K, committed 14028K, reserved 253952K
}
Event: 66.660 GC heap before
{Heap before GC invocations=28 (full 0):
 garbage-first heap   total 262144K, used 224993K [0x00000000e0000000, 0x0000000100000000)
  region size 1024K, 124 young (126976K), 10 survivors (10240K)
 Metaspace       used 100404K, capacity 103156K, committed 103372K, reserved 344064K
  class space    used 12933K, capacity 14003K, committed 14028K, reserved 253952K
}
Event: 66.683 GC heap after
{Heap after GC invocations=29 (full 0):
 garbage-first heap   total 262144K, used 109804K [0x00000000e0000000, 0x0000000100000000)
  region size 1024K, 10 young (10240K), 10 survivors (10240K)
 Metaspace       used 100404K, capacity 103156K, committed 103372K, reserved 344064K
  class space    used 12933K, capacity 14003K, committed 14028K, reserved 253952K
}
Event: 73.992 GC heap before
{Heap before GC invocations=29 (full 0):
 garbage-first heap   total 262144K, used 224492K [0x00000000e0000000, 0x0000000100000000)
  region size 1024K, 122 young (124928K), 10 survivors (10240K)
 Metaspace       used 100421K, capacity 103162K, committed 103372K, reserved 344064K
  class space    used 12934K, capacity 14004K, committed 14028K, reserved 253952K
}
Event: 74.014 GC heap after
{Heap after GC invocations=30 (full 0):
 garbage-first heap   total 262144K, used 110591K [0x00000000e0000000, 0x0000000100000000)
  region size 1024K, 9 young (9216K), 9 survivors (9216K)
 Metaspace       used 100421K, capacity 103162K, committed 103372K, reserved 344064K
  class space    used 12934K, capacity 14004K, committed 14028K, reserved 253952K
}

