# JRE version: OpenJDK Runtime Environment (11.0.10) (build 11.0.10+0-b96-7249189)
# Java VM: OpenJDK 64-Bit Server VM (11.0.10+0-b96-7249189, mixed mode, tiered, compressed oops, g1 gc, windows-amd64)
Heap:
 garbage-first heap   total 284672K, used 130769K [0x00000000e0000000, 0x0000000100000000)
  region size 1024K, 7 young (7168K), 2 survivors (2048K)
 Metaspace       used 119699K, capacity 123074K, committed 123392K, reserved 362496K
  class space    used 14740K, capacity 16010K, committed 16128K, reserved 253952K
GC Heap History (20 events):
Event: 76.804 GC heap before
{Heap before GC invocations=34 (full 0):
 garbage-first heap   total 284672K, used 222714K [0x00000000e0000000, 0x0000000100000000)
  region size 1024K, 43 young (44032K), 1 survivors (1024K)
 Metaspace       used 97708K, capacity 100531K, committed 100864K, reserved 342016K
  class space    used 12428K, capacity 13448K, committed 13568K, reserved 253952K
}
Event: 76.808 GC heap after
{Heap after GC invocations=35 (full 0):
 garbage-first heap   total 284672K, used 181209K [0x00000000e0000000, 0x0000000100000000)
  region size 1024K, 1 young (1024K), 1 survivors (1024K)
 Metaspace       used 97708K, capacity 100531K, committed 100864K, reserved 342016K
  class space    used 12428K, capacity 13448K, committed 13568K, reserved 253952K
}
Event: 78.381 GC heap before
{Heap before GC invocations=36 (full 0):
 garbage-first heap   total 284672K, used 173747K [0x00000000e0000000, 0x0000000100000000)
  region size 1024K, 47 young (48128K), 1 survivors (1024K)
 Metaspace       used 98738K, capacity 101650K, committed 101888K, reserved 344064K
  class space    used 12507K, capacity 13544K, committed 13568K, reserved 253952K
}
Event: 78.391 GC heap after
{Heap after GC invocations=37 (full 0):
 garbage-first heap   total 284672K, used 130693K [0x00000000e0000000, 0x0000000100000000)
  region size 1024K, 4 young (4096K), 4 survivors (4096K)
 Metaspace       used 98738K, capacity 101650K, committed 101888K, reserved 344064K
  class space    used 12507K, capacity 13544K, committed 13568K, reserved 253952K
}
Event: 79.103 GC heap before
{Heap before GC invocations=37 (full 0):
 garbage-first heap   total 284672K, used 138885K [0x00000000e0000000, 0x0000000100000000)
  region size 1024K, 13 young (13312K), 4 survivors (4096K)
 Metaspace       used 100182K, capacity 103079K, committed 103424K, reserved 344064K
  class space    used 12695K, capacity 13717K, committed 13824K, reserved 253952K
}
Event: 79.110 GC heap after
{Heap after GC invocations=38 (full 0):
 garbage-first heap   total 284672K, used 129343K [0x00000000e0000000, 0x0000000100000000)
  region size 1024K, 1 young (1024K), 1 survivors (1024K)
 Metaspace       used 100182K, capacity 103079K, committed 103424K, reserved 344064K
  class space    used 12695K, capacity 13717K, committed 13824K, reserved 253952K
}
Event: 492.901 GC heap before
{Heap before GC invocations=38 (full 0):
 garbage-first heap   total 284672K, used 201023K [0x00000000e0000000, 0x0000000100000000)
  region size 1024K, 72 young (73728K), 1 survivors (1024K)
 Metaspace       used 107538K, capacity 110830K, committed 111104K, reserved 350208K
  class space    used 13523K, capacity 14774K, committed 14848K, reserved 253952K
}
Event: 492.928 GC heap after
{Heap after GC invocations=39 (full 0):
 garbage-first heap   total 284672K, used 132288K [0x00000000e0000000, 0x0000000100000000)
  region size 1024K, 4 young (4096K), 4 survivors (4096K)
 Metaspace       used 107538K, capacity 110830K, committed 111104K, reserved 350208K
  class space    used 13523K, capacity 14774K, committed 14848K, reserved 253952K
}
Event: 562.699 GC heap before
{Heap before GC invocations=40 (full 0):
 garbage-first heap   total 284672K, used 207040K [0x00000000e0000000, 0x0000000100000000)
  region size 1024K, 78 young (79872K), 4 survivors (4096K)
 Metaspace       used 109667K, capacity 112996K, committed 113152K, reserved 352256K
  class space    used 13784K, capacity 15040K, committed 15104K, reserved 253952K
}
Event: 562.722 GC heap after
{Heap after GC invocations=41 (full 0):
 garbage-first heap   total 284672K, used 140128K [0x00000000e0000000, 0x0000000100000000)
  region size 1024K, 10 young (10240K), 10 survivors (10240K)
 Metaspace       used 109667K, capacity 112996K, committed 113152K, reserved 352256K
  class space    used 13784K, capacity 15040K, committed 15104K, reserved 253952K
}
Event: 563.657 GC heap before
{Heap before GC invocations=41 (full 0):
 garbage-first heap   total 284672K, used 143200K [0x00000000e0000000, 0x0000000100000000)
  region size 1024K, 13 young (13312K), 10 survivors (10240K)
 Metaspace       used 109972K, capacity 113372K, committed 113536K, reserved 352256K
  class space    used 13828K, capacity 15120K, committed 15232K, reserved 253952K
}
Event: 563.684 GC heap after
{Heap after GC invocations=42 (full 0):
 garbage-first heap   total 284672K, used 130171K [0x00000000e0000000, 0x0000000100000000)
  region size 1024K, 2 young (2048K), 2 survivors (2048K)
 Metaspace       used 109972K, capacity 113372K, committed 113536K, reserved 352256K
  class space    used 13828K, capacity 15120K, committed 15232K, reserved 253952K
}
Event: 572.104 GC heap before
{Heap before GC invocations=42 (full 0):
 garbage-first heap   total 284672K, used 207995K [0x00000000e0000000, 0x0000000100000000)
  region size 1024K, 79 young (80896K), 2 survivors (2048K)
 Metaspace       used 111750K, capacity 115190K, committed 115456K, reserved 354304K
  class space    used 13988K, capacity 15255K, committed 15360K, reserved 253952K
}
Event: 572.132 GC heap after
{Heap after GC invocations=43 (full 0):
 garbage-first heap   total 284672K, used 135650K [0x00000000e0000000, 0x0000000100000000)
  region size 1024K, 7 young (7168K), 7 survivors (7168K)
 Metaspace       used 111750K, capacity 115190K, committed 115456K, reserved 354304K
  class space    used 13988K, capacity 15255K, committed 15360K, reserved 253952K
}
Event: 576.771 GC heap before
{Heap before GC invocations=44 (full 0):
 garbage-first heap   total 284672K, used 221666K [0x00000000e0000000, 0x0000000100000000)
  region size 1024K, 84 young (86016K), 7 survivors (7168K)
 Metaspace       used 115106K, capacity 118428K, committed 118656K, reserved 358400K
  class space    used 14222K, capacity 15449K, committed 15488K, reserved 253952K
}
Event: 576.782 GC heap after
{Heap after GC invocations=45 (full 0):
 garbage-first heap   total 284672K, used 134910K [0x00000000e0000000, 0x0000000100000000)
  region size 1024K, 4 young (4096K), 4 survivors (4096K)
 Metaspace       used 115106K, capacity 118428K, committed 118656K, reserved 358400K
  class space    used 14222K, capacity 15449K, committed 15488K, reserved 253952K
}
Event: 577.441 GC heap before
{Heap before GC invocations=45 (full 0):
 garbage-first heap   total 284672K, used 144126K [0x00000000e0000000, 0x0000000100000000)
  region size 1024K, 13 young (13312K), 4 survivors (4096K)
 Metaspace       used 115466K, capacity 118748K, committed 118912K, reserved 358400K
  class space    used 14233K, capacity 15449K, committed 15488K, reserved 253952K
}
Event: 577.468 GC heap after
{Heap after GC invocations=46 (full 0):
 garbage-first heap   total 284672K, used 125340K [0x00000000e0000000, 0x0000000100000000)
  region size 1024K, 1 young (1024K), 1 survivors (1024K)
 Metaspace       used 115466K, capacity 118748K, committed 118912K, reserved 358400K
  class space    used 14233K, capacity 15449K, committed 15488K, reserved 253952K
}
Event: 580.393 GC heap before
{Heap before GC invocations=46 (full 0):
 garbage-first heap   total 284672K, used 213404K [0x00000000e0000000, 0x0000000100000000)
  region size 1024K, 88 young (90112K), 1 survivors (1024K)
 Metaspace       used 119529K, capacity 122818K, committed 123136K, reserved 362496K
  class space    used 14737K, capacity 16010K, committed 16128K, reserved 253952K
}
Event: 580.402 GC heap after
{Heap after GC invocations=47 (full 0):
 garbage-first heap   total 284672K, used 126673K [0x00000000e0000000, 0x0000000100000000)
  region size 1024K, 2 young (2048K), 2 survivors (2048K)
 Metaspace       used 119529K, capacity 122818K, committed 123136K, reserved 362496K
  class space    used 14737K, capacity 16010K, committed 16128K, reserved 253952K
}

